<?xml version="1.0" encoding="UTF-8"?>
<!-- Generated by org.testng.reporters.JUnitReportReporter -->
<testsuite hostname="DESKTOP-P6E0VNQ" failures="0" tests="1" name="test.Diabetictest" time="14.563" errors="1" timestamp="2022-02-14T15:51:01 EST" skipped="0">
  <testcase classname="test.Diabetictest" name="recipeScrappingDiabetic" time="14.563">
    <error message="Zip bomb detected! The file would exceed the max. ratio of compressed file size to the size of the expanded data.
This may indicate that the file is used to inflate memory usage and thus could pose a security risk.
You can adjust this limit via ZipSecureFile.setMinInflateRatio() if you need to work with files which exceed this limit.
Uncompressed size: 102480, Raw/compressed size: 759, ratio: 0.007406
Limits: MIN_INFLATE_RATIO: 0.010000, Entry: xl/styles.xml" type="java.io.IOException">
      <![CDATA[java.io.IOException: Zip bomb detected! The file would exceed the max. ratio of compressed file size to the size of the expanded data.
This may indicate that the file is used to inflate memory usage and thus could pose a security risk.
You can adjust this limit via ZipSecureFile.setMinInflateRatio() if you need to work with files which exceed this limit.
Uncompressed size: 102480, Raw/compressed size: 759, ratio: 0.007406
Limits: MIN_INFLATE_RATIO: 0.010000, Entry: xl/styles.xml
at org.apache.poi.openxml4j.util.ZipArchiveThresholdInputStream.checkThreshold(ZipArchiveThresholdInputStream.java:132)
at org.apache.poi.openxml4j.util.ZipArchiveThresholdInputStream.read(ZipArchiveThresholdInputStream.java:82)
at org.apache.poi.util.IOUtils.toByteArray(IOUtils.java:185)
at org.apache.poi.util.IOUtils.toByteArray(IOUtils.java:153)
at org.apache.poi.util.IOUtils.toByteArray(IOUtils.java:140)
at org.apache.poi.openxml4j.util.ZipArchiveFakeEntry.<init>(ZipArchiveFakeEntry.java:67)
at org.apache.poi.openxml4j.util.ZipInputStreamZipEntrySource.<init>(ZipInputStreamZipEntrySource.java:98)
at org.apache.poi.openxml4j.opc.ZipPackage.<init>(ZipPackage.java:132)
at org.apache.poi.openxml4j.opc.OPCPackage.open(OPCPackage.java:312)
at org.apache.poi.ooxml.util.PackageHelper.open(PackageHelper.java:47)
at org.apache.poi.xssf.usermodel.XSSFWorkbook.<init>(XSSFWorkbook.java:296)
at utils.ExcelUtils.setCellData(ExcelUtils.java:78)
at test.Diabetictest.recipeScrappingDiabetic(Diabetictest.java:57)
at java.base/jdk.internal.reflect.NativeMethodAccessorImpl.invoke0(Native Method)
at java.base/jdk.internal.reflect.NativeMethodAccessorImpl.invoke(NativeMethodAccessorImpl.java:62)
at java.base/jdk.internal.reflect.DelegatingMethodAccessorImpl.invoke(DelegatingMethodAccessorImpl.java:43)
at java.base/java.lang.reflect.Method.invoke(Method.java:566)
at org.testng.internal.MethodInvocationHelper.invokeMethod(MethodInvocationHelper.java:133)
at org.testng.internal.TestInvoker.invokeMethod(TestInvoker.java:598)
at org.testng.internal.TestInvoker.invokeTestMethod(TestInvoker.java:173)
at org.testng.internal.MethodRunner.runInSequence(MethodRunner.java:46)
at org.testng.internal.TestInvoker$MethodInvocationAgent.invoke(TestInvoker.java:824)
at org.testng.internal.TestInvoker.invokeTestMethods(TestInvoker.java:146)
at org.testng.internal.TestMethodWorker.invokeTestMethods(TestMethodWorker.java:146)
at org.testng.internal.TestMethodWorker.run(TestMethodWorker.java:128)
at java.base/java.util.ArrayList.forEach(ArrayList.java:1540)
at org.testng.TestRunner.privateRun(TestRunner.java:794)
at org.testng.TestRunner.run(TestRunner.java:596)
at org.testng.SuiteRunner.runTest(SuiteRunner.java:377)
at org.testng.SuiteRunner.runSequentially(SuiteRunner.java:371)
at org.testng.SuiteRunner.privateRun(SuiteRunner.java:332)
at org.testng.SuiteRunner.run(SuiteRunner.java:276)
at org.testng.SuiteRunnerWorker.runSuite(SuiteRunnerWorker.java:53)
at org.testng.SuiteRunnerWorker.run(SuiteRunnerWorker.java:96)
at org.testng.TestNG.runSuitesSequentially(TestNG.java:1212)
at org.testng.TestNG.runSuitesLocally(TestNG.java:1134)
at org.testng.TestNG.runSuites(TestNG.java:1063)
at org.testng.TestNG.run(TestNG.java:1031)
at org.testng.remote.AbstractRemoteTestNG.run(AbstractRemoteTestNG.java:115)
at org.testng.remote.RemoteTestNG.initAndRun(RemoteTestNG.java:251)
at org.testng.remote.RemoteTestNG.main(RemoteTestNG.java:77)
]]>
    </error>
  </testcase> <!-- recipeScrappingDiabetic -->
  <system-out/>
</testsuite> <!-- test.Diabetictest -->
